<?xml version="1.0" encoding="UTF-8"?>
<!-- Generated by org.testng.reporters.JUnitReportReporter -->
<testsuite hostname="LAPTOP-KIRAN2" failures="0" tests="3" name="TestNG.ActitimeModulesAssignment" time="7.883" errors="0" timestamp="12 Feb 2024 14:50:26 GMT" skipped="0">
  <testcase classname="TestNG.ActitimeModulesAssignment" name="createUser" time="4.211"/>
  <testcase classname="TestNG.ActitimeModulesAssignment" name="login" time="3.484"/>
  <testcase classname="TestNG.ActitimeModulesAssignment" name="logout" time="0.188"/>
</testsuite> <!-- TestNG.ActitimeModulesAssignment -->
