<?xml version="1.0" encoding="UTF-8"?>
<!-- Generated by org.testng.reporters.JUnitReportReporter -->
<testsuite hostname="LAPTOP-KIRAN2" failures="0" tests="2" name="learningTestNG.AnnotationsOfTestNG" time="0.008" errors="0" timestamp="13 Feb 2024 02:48:23 GMT" skipped="0">
  <testcase classname="learningTestNG.AnnotationsOfTestNG" name="testscript" time="0.006"/>
  <testcase classname="learningTestNG.AnnotationsOfTestNG" name="testscript1" time="0.002"/>
</testsuite> <!-- learningTestNG.AnnotationsOfTestNG -->
