<?xml version="1.0" encoding="UTF-8"?>
<!-- Generated by org.testng.reporters.JUnitReportReporter -->
<testsuite hostname="LAPTOP-KIRAN2" failures="0" tests="1" name="learningTestNG.CreateUserUsingAnnotations" time="5.589" errors="0" timestamp="13 Feb 2024 03:37:52 GMT" skipped="0">
  <testcase classname="learningTestNG.CreateUserUsingAnnotations" name="cresteUser" time="5.589"/>
</testsuite> <!-- learningTestNG.CreateUserUsingAnnotations -->
