<?xml version="1.0" encoding="UTF-8"?>
<!-- Generated by org.testng.reporters.JUnitReportReporter -->
<testsuite hostname="LAPTOP-KIRAN2" failures="0" tests="2" name="TestNG.LoginActitime" time="6.140" errors="0" timestamp="10 Feb 2024 02:54:25 GMT" skipped="0">
  <testcase classname="TestNG.LoginActitime" name="login" time="6.004"/>
  <testcase classname="TestNG.LoginActitime" name="logout" time="0.136"/>
</testsuite> <!-- TestNG.LoginActitime -->
