<?xml version="1.0" encoding="UTF-8"?>
<!-- Generated by org.testng.reporters.JUnitReportReporter -->
<testsuite hostname="LAPTOP-KIRAN2" failures="0" tests="2" name="com.AutomationFramework2.TestScript.DeleteAllProjectandCustomerTest" time="2.941" errors="0" timestamp="25 Feb 2024 14:44:16 GMT" skipped="0">
  <testcase classname="com.AutomationFramework2.TestScript.DeleteAllProjectandCustomerTest" name="deleteAllProjectAndCustomer" time="1.608"/>
  <testcase classname="com.AutomationFramework2.TestScript.DeleteAllProjectandCustomerTest" name="deleteAllProjectAndCustomer" time="1.333"/>
</testsuite> <!-- com.AutomationFramework2.TestScript.DeleteAllProjectandCustomerTest -->
