<?xml version="1.0" encoding="UTF-8"?>
<!-- Generated by org.testng.reporters.JUnitReportReporter -->
<testsuite hostname="LAPTOP-KIRAN2" failures="0" tests="1" name="com.AutomationFramework2.TestScript.ValidLoginTest" time="1.576" errors="0" timestamp="25 Feb 2024 14:49:44 GMT" skipped="0">
  <testcase classname="com.AutomationFramework2.TestScript.ValidLoginTest" name="login" time="1.576"/>
</testsuite> <!-- com.AutomationFramework2.TestScript.ValidLoginTest -->
