<?xml version="1.0" encoding="UTF-8"?>
<!-- Generated by org.testng.reporters.JUnitReportReporter -->
<testsuite hostname="LAPTOP-KIRAN2" failures="0" tests="2" name="com.AutomationFramework2.TestScript.CreateCustomer_ProjectTest" time="6.276" errors="0" timestamp="25 Feb 2024 14:44:16 GMT" skipped="0">
  <testcase classname="com.AutomationFramework2.TestScript.CreateCustomer_ProjectTest" name="createCustomerAndProject" time="3.529"/>
  <testcase classname="com.AutomationFramework2.TestScript.CreateCustomer_ProjectTest" name="createCustomerAndProject" time="2.747"/>
</testsuite> <!-- com.AutomationFramework2.TestScript.CreateCustomer_ProjectTest -->
